::1 - - [21/Sep/2023 09:26:11] "GET / HTTP/1.1" 200 -
::1 - - [21/Sep/2023 09:26:11] "GET /manifest.html HTTP/1.1" 304 -
::1 - - [21/Sep/2023 09:26:11] "GET /manifest.js HTTP/1.1" 304 -
::1 - - [21/Sep/2023 09:26:17] "GET / HTTP/1.1" 200 -
::1 - - [21/Sep/2023 09:26:17] "GET /styles.css HTTP/1.1" 200 -
::1 - - [21/Sep/2023 09:26:17] "GET /script.js HTTP/1.1" 200 -
::1 - - [21/Sep/2023 09:28:00] "GET / HTTP/1.1" 200 -
::1 - - [21/Sep/2023 09:28:00] "GET /styles.css HTTP/1.1" 200 -
::1 - - [21/Sep/2023 09:28:00] "GET /script.js HTTP/1.1" 200 -
::1 - - [21/Sep/2023 09:28:00] "GET /manifest.css HTTP/1.1" 304 -
::1 - - [21/Sep/2023 09:28:00] "GET /manifest.js HTTP/1.1" 200 -
::1 - - [21/Sep/2023 09:56:41] "GET / HTTP/1.1" 304 -
::1 - - [21/Sep/2023 09:56:41] "GET /styles.css HTTP/1.1" 304 -
::1 - - [21/Sep/2023 09:56:41] "GET /script.js HTTP/1.1" 304 -
::1 - - [21/Sep/2023 09:56:41] "GET /manifest.html HTTP/1.1" 304 -
::1 - - [21/Sep/2023 09:56:41] "GET /manifest.css HTTP/1.1" 304 -
::1 - - [21/Sep/2023 09:56:41] "GET /manifest.js HTTP/1.1" 200 -
::1 - - [21/Sep/2023 09:57:35] "GET /manifest.js HTTP/1.1" 304 -
::1 - - [21/Sep/2023 09:58:56] "GET / HTTP/1.1" 200 -
::1 - - [21/Sep/2023 09:58:56] "GET /styles.css HTTP/1.1" 200 -
::1 - - [21/Sep/2023 09:58:56] "GET /script.js HTTP/1.1" 200 -
::1 - - [21/Sep/2023 09:58:56] "GET /manifest.html HTTP/1.1" 200 -
::1 - - [21/Sep/2023 09:58:57] "GET /manifest.css HTTP/1.1" 200 -
::1 - - [21/Sep/2023 09:58:57] "GET /manifest.js HTTP/1.1" 200 -
::1 - - [21/Sep/2023 10:52:45] "GET / HTTP/1.1" 200 -
::1 - - [21/Sep/2023 10:52:45] "GET /styles.css HTTP/1.1" 200 -
::1 - - [21/Sep/2023 10:52:45] "GET /script.js HTTP/1.1" 304 -
::1 - - [21/Sep/2023 10:52:45] "GET /manifest.html HTTP/1.1" 304 -
::1 - - [21/Sep/2023 10:52:46] "GET /manifest.css HTTP/1.1" 304 -
::1 - - [21/Sep/2023 10:52:46] "GET /manifest.js HTTP/1.1" 200 -
::1 - - [21/Sep/2023 10:53:02] "GET / HTTP/1.1" 200 -
::1 - - [21/Sep/2023 10:53:02] "GET /styles.css HTTP/1.1" 304 -
::1 - - [21/Sep/2023 10:53:02] "GET /manifest.js HTTP/1.1" 304 -
::1 - - [21/Sep/2023 10:53:32] "GET / HTTP/1.1" 200 -
::1 - - [21/Sep/2023 10:53:32] "GET /styles.css HTTP/1.1" 304 -
::1 - - [21/Sep/2023 10:53:32] "GET /manifest.js HTTP/1.1" 304 -
::1 - - [21/Sep/2023 10:53:57] "GET / HTTP/1.1" 200 -
::1 - - [21/Sep/2023 10:53:58] "GET /styles.css HTTP/1.1" 304 -
::1 - - [21/Sep/2023 10:53:58] "GET /manifest.js HTTP/1.1" 200 -
::1 - - [21/Sep/2023 20:46:53] "GET / HTTP/1.1" 200 -
::1 - - [21/Sep/2023 20:46:53] "GET /styles.css HTTP/1.1" 200 -
::1 - - [21/Sep/2023 20:46:53] "GET /script.js HTTP/1.1" 304 -
::1 - - [21/Sep/2023 20:46:53] "GET /manifest.html HTTP/1.1" 304 -
::1 - - [21/Sep/2023 20:46:53] "GET /manifest.js HTTP/1.1" 304 -
::1 - - [21/Sep/2023 20:46:54] "GET /manifest.css HTTP/1.1" 304 -
::1 - - [21/Sep/2023 20:46:58] "GET / HTTP/1.1" 200 -
